# JRE version: Java(TM) SE Runtime Environment (8.0_261-b12) (build 1.8.0_261-b12)
# Java VM: Java HotSpot(TM) 64-Bit Server VM (25.261-b12 mixed mode windows-amd64 compressed oops)
Heap:
 PSYoungGen      total 547840K, used 311106K [0x0000000715980000, 0x0000000738580000, 0x00000007c0000000)
  eden space 526336K, 55% used [0x0000000715980000,0x0000000727453c30,0x0000000735b80000)
  from space 21504K, 99% used [0x0000000737080000,0x000000073857cc90,0x0000000738580000)
  to   space 21504K, 0% used [0x0000000735b80000,0x0000000735b80000,0x0000000737080000)
 ParOldGen       total 349696K, used 56204K [0x00000005c0c00000, 0x00000005d6180000, 0x0000000715980000)
  object space 349696K, 16% used [0x00000005c0c00000,0x00000005c42e33c0,0x00000005d6180000)
 Metaspace       used 9023K, capacity 9228K, committed 9600K, reserved 1058816K
  class space    used 943K, capacity 1026K, committed 1152K, reserved 1048576K
GC Heap History (8 events):
Event: 0.545 GC heap before
{Heap before GC invocations=1 (full 0):
 PSYoungGen      total 153088K, used 131185K [0x0000000715980000, 0x0000000720400000, 0x00000007c0000000)
  eden space 131584K, 99% used [0x0000000715980000,0x000000071d99c588,0x000000071da00000)
  from space 21504K, 0% used [0x000000071ef00000,0x000000071ef00000,0x0000000720400000)
  to   space 21504K, 0% used [0x000000071da00000,0x000000071da00000,0x000000071ef00000)
 ParOldGen       total 349696K, used 0K [0x00000005c0c00000, 0x00000005d6180000, 0x0000000715980000)
  object space 349696K, 0% used [0x00000005c0c00000,0x00000005c0c00000,0x00000005d6180000)
 Metaspace       used 7404K, capacity 7512K, committed 7808K, reserved 1056768K
  class space    used 810K, capacity 818K, committed 896K, reserved 1048576K
Event: 0.552 GC heap after
Heap after GC invocations=1 (full 0):
 PSYoungGen      total 153088K, used 13059K [0x0000000715980000, 0x0000000728480000, 0x00000007c0000000)
  eden space 131584K, 0% used [0x0000000715980000,0x0000000715980000,0x000000071da00000)
  from space 21504K, 60% used [0x000000071da00000,0x000000071e6c0d88,0x000000071ef00000)
  to   space 21504K, 0% used [0x0000000726f80000,0x0000000726f80000,0x0000000728480000)
 ParOldGen       total 349696K, used 16K [0x00000005c0c00000, 0x00000005d6180000, 0x0000000715980000)
  object space 349696K, 0% used [0x00000005c0c00000,0x00000005c0c04000,0x00000005d6180000)
 Metaspace       used 7404K, capacity 7512K, committed 7808K, reserved 1056768K
  class space    used 810K, capacity 818K, committed 896K, reserved 1048576K
}
Event: 0.669 GC heap before
{Heap before GC invocations=2 (full 0):
 PSYoungGen      total 153088K, used 144643K [0x0000000715980000, 0x0000000728480000, 0x00000007c0000000)
  eden space 131584K, 100% used [0x0000000715980000,0x000000071da00000,0x000000071da00000)
  from space 21504K, 60% used [0x000000071da00000,0x000000071e6c0d88,0x000000071ef00000)
  to   space 21504K, 0% used [0x0000000726f80000,0x0000000726f80000,0x0000000728480000)
 ParOldGen       total 349696K, used 16K [0x00000005c0c00000, 0x00000005d6180000, 0x0000000715980000)
  object space 349696K, 0% used [0x00000005c0c00000,0x00000005c0c04000,0x00000005d6180000)
 Metaspace       used 7495K, capacity 7608K, committed 7808K, reserved 1056768K
  class space    used 812K, capacity 850K, committed 896K, reserved 1048576K
Event: 0.679 GC heap after
Heap after GC invocations=2 (full 0):
 PSYoungGen      total 284672K, used 21493K [0x0000000715980000, 0x0000000728480000, 0x00000007c0000000)
  eden space 263168K, 0% used [0x0000000715980000,0x0000000715980000,0x0000000725a80000)
  from space 21504K, 99% used [0x0000000726f80000,0x000000072847d740,0x0000000728480000)
  to   space 21504K, 0% used [0x0000000725a80000,0x0000000725a80000,0x0000000726f80000)
 ParOldGen       total 349696K, used 193K [0x00000005c0c00000, 0x00000005d6180000, 0x0000000715980000)
  object space 349696K, 0% used [0x00000005c0c00000,0x00000005c0c30710,0x00000005d6180000)
 Metaspace       used 7495K, capacity 7608K, committed 7808K, reserved 1056768K
  class space    used 812K, capacity 850K, committed 896K, reserved 1048576K
}
Event: 0.866 GC heap before
{Heap before GC invocations=3 (full 0):
 PSYoungGen      total 284672K, used 284661K [0x0000000715980000, 0x0000000728480000, 0x00000007c0000000)
  eden space 263168K, 100% used [0x0000000715980000,0x0000000725a80000,0x0000000725a80000)
  from space 21504K, 99% used [0x0000000726f80000,0x000000072847d740,0x0000000728480000)
  to   space 21504K, 0% used [0x0000000725a80000,0x0000000725a80000,0x0000000726f80000)
 ParOldGen       total 349696K, used 193K [0x00000005c0c00000, 0x00000005d6180000, 0x0000000715980000)
  object space 349696K, 0% used [0x00000005c0c00000,0x00000005c0c30710,0x00000005d6180000)
 Metaspace       used 7495K, capacity 7608K, committed 7808K, reserved 1056768K
  class space    used 812K, capacity 850K, committed 896K, reserved 1048576K
Event: 0.892 GC heap after
Heap after GC invocations=3 (full 0):
 PSYoungGen      total 284672K, used 21476K [0x0000000715980000, 0x0000000738580000, 0x00000007c0000000)
  eden space 263168K, 0% used [0x0000000715980000,0x0000000715980000,0x0000000725a80000)
  from space 21504K, 99% used [0x0000000725a80000,0x0000000726f79100,0x0000000726f80000)
  to   space 21504K, 0% used [0x0000000737080000,0x0000000737080000,0x0000000738580000)
 ParOldGen       total 349696K, used 28457K [0x00000005c0c00000, 0x00000005d6180000, 0x0000000715980000)
  object space 349696K, 8% used [0x00000005c0c00000,0x00000005c27ca710,0x00000005d6180000)
 Metaspace       used 7495K, capacity 7608K, committed 7808K, reserved 1056768K
  class space    used 812K, capacity 850K, committed 896K, reserved 1048576K
}
Event: 1.032 GC heap before
{Heap before GC invocations=4 (full 0):
 PSYoungGen      total 284672K, used 284644K [0x0000000715980000, 0x0000000738580000, 0x00000007c0000000)
  eden space 263168K, 100% used [0x0000000715980000,0x0000000725a80000,0x0000000725a80000)
  from space 21504K, 99% used [0x0000000725a80000,0x0000000726f79100,0x0000000726f80000)
  to   space 21504K, 0% used [0x0000000737080000,0x0000000737080000,0x0000000738580000)
 ParOldGen       total 349696K, used 28457K [0x00000005c0c00000, 0x00000005d6180000, 0x0000000715980000)
  object space 349696K, 8% used [0x00000005c0c00000,0x00000005c27ca710,0x00000005d6180000)
 Metaspace       used 7495K, capacity 7608K, committed 7808K, reserved 1056768K
  class space    used 812K, capacity 850K, committed 896K, reserved 1048576K
Event: 1.054 GC heap after
Heap after GC invocations=4 (full 0):
 PSYoungGen      total 547840K, used 21491K [0x0000000715980000, 0x0000000738580000, 0x00000007c0000000)
  eden space 526336K, 0% used [0x0000000715980000,0x0000000715980000,0x0000000735b80000)
  from space 21504K, 99% used [0x0000000737080000,0x000000073857cc90,0x0000000738580000)
  to   space 21504K, 0% used [0x0000000735b80000,0x0000000735b80000,0x0000000737080000)
 ParOldGen       total 349696K, used 56204K [0x00000005c0c00000, 0x00000005d6180000, 0x0000000715980000)
  object space 349696K, 16% used [0x00000005c0c00000,0x00000005c42e33c0,0x00000005d6180000)
 Metaspace       used 7495K, capacity 7608K, committed 7808K, reserved 1056768K
  class space    used 812K, capacity 850K, committed 896K, reserved 1048576K
}

