# JRE version: Java(TM) SE Runtime Environment (7.0_60-b19) (build 1.7.0_60-b19)
# Java VM: Java HotSpot(TM) 64-Bit Server VM (24.60-b09 mixed mode bsd-amd64 compressed oops)
Heap
 PSYoungGen      total 19456K, used 15996K [0x00000007eaa80000, 0x00000007ec000000, 0x0000000800000000)
  eden space 16896K, 79% used [0x00000007eaa80000,0x00000007eb7a6688,0x00000007ebb00000)
  from space 2560K, 98% used [0x00000007ebb00000,0x00000007ebd78c18,0x00000007ebd80000)
  to   space 2560K, 0% used [0x00000007ebd80000,0x00000007ebd80000,0x00000007ec000000)
 ParOldGen       total 43520K, used 24670K [0x00000007c0000000, 0x00000007c2a80000, 0x00000007eaa80000)
  object space 43520K, 56% used [0x00000007c0000000,0x00000007c18178e8,0x00000007c2a80000)
 PSPermGen       total 21504K, used 18968K [0x00000007bae00000, 0x00000007bc300000, 0x00000007c0000000)
  object space 21504K, 88% used [0x00000007bae00000,0x00000007bc086290,0x00000007bc300000)
GC Heap History (6 events):
Event: 2.555 GC heap before
{Heap before GC invocations=1 (full 0):
 PSYoungGen      total 19456K, used 16896K [0x00000007eaa80000, 0x00000007ec000000, 0x0000000800000000)
  eden space 16896K, 100% used [0x00000007eaa80000,0x00000007ebb00000,0x00000007ebb00000)
  from space 2560K, 0% used [0x00000007ebd80000,0x00000007ebd80000,0x00000007ec000000)
  to   space 2560K, 0% used [0x00000007ebb00000,0x00000007ebb00000,0x00000007ebd80000)
 ParOldGen       total 43520K, used 0K [0x00000007c0000000, 0x00000007c2a80000, 0x00000007eaa80000)
  object space 43520K, 0% used [0x00000007c0000000,0x00000007c0000000,0x00000007c2a80000)
 PSPermGen       total 21504K, used 11643K [0x00000007bae00000, 0x00000007bc300000, 0x00000007c0000000)
  object space 21504K, 54% used [0x00000007bae00000,0x00000007bb95ec68,0x00000007bc300000)
Event: 2.560 GC heap after
Heap after GC invocations=1 (full 0):
 PSYoungGen      total 19456K, used 2544K [0x00000007eaa80000, 0x00000007ec000000, 0x0000000800000000)
  eden space 16896K, 0% used [0x00000007eaa80000,0x00000007eaa80000,0x00000007ebb00000)
  from space 2560K, 99% used [0x00000007ebb00000,0x00000007ebd7c0a0,0x00000007ebd80000)
  to   space 2560K, 0% used [0x00000007ebd80000,0x00000007ebd80000,0x00000007ec000000)
 ParOldGen       total 43520K, used 609K [0x00000007c0000000, 0x00000007c2a80000, 0x00000007eaa80000)
  object space 43520K, 1% used [0x00000007c0000000,0x00000007c0098670,0x00000007c2a80000)
 PSPermGen       total 21504K, used 11643K [0x00000007bae00000, 0x00000007bc300000, 0x00000007c0000000)
  object space 21504K, 54% used [0x00000007bae00000,0x00000007bb95ec68,0x00000007bc300000)
}
Event: 5.625 GC heap before
{Heap before GC invocations=2 (full 0):
 PSYoungGen      total 19456K, used 19024K [0x00000007eaa80000, 0x00000007ec000000, 0x0000000800000000)
  eden space 16896K, 97% used [0x00000007eaa80000,0x00000007eba982a8,0x00000007ebb00000)
  from space 2560K, 99% used [0x00000007ebb00000,0x00000007ebd7c0a0,0x00000007ebd80000)
  to   space 2560K, 0% used [0x00000007ebd80000,0x00000007ebd80000,0x00000007ec000000)
 ParOldGen       total 43520K, used 609K [0x00000007c0000000, 0x00000007c2a80000, 0x00000007eaa80000)
  object space 43520K, 1% used [0x00000007c0000000,0x00000007c0098670,0x00000007c2a80000)
 PSPermGen       total 21504K, used 18478K [0x00000007bae00000, 0x00000007bc300000, 0x00000007c0000000)
  object space 21504K, 85% used [0x00000007bae00000,0x00000007bc00bab8,0x00000007bc300000)
Event: 5.633 GC heap after
Heap after GC invocations=2 (full 0):
 PSYoungGen      total 19456K, used 2541K [0x00000007eaa80000, 0x00000007ec000000, 0x0000000800000000)
  eden space 16896K, 0% used [0x00000007eaa80000,0x00000007eaa80000,0x00000007ebb00000)
  from space 2560K, 99% used [0x00000007ebd80000,0x00000007ebffb7f0,0x00000007ec000000)
  to   space 2560K, 0% used [0x00000007ebb00000,0x00000007ebb00000,0x00000007ebd80000)
 ParOldGen       total 43520K, used 14167K [0x00000007c0000000, 0x00000007c2a80000, 0x00000007eaa80000)
  object space 43520K, 32% used [0x00000007c0000000,0x00000007c0dd5db8,0x00000007c2a80000)
 PSPermGen       total 21504K, used 18478K [0x00000007bae00000, 0x00000007bc300000, 0x00000007c0000000)
  object space 21504K, 85% used [0x00000007bae00000,0x00000007bc00bab8,0x00000007bc300000)
}
Event: 8.297 GC heap before
{Heap before GC invocations=3 (full 0):
 PSYoungGen      total 19456K, used 19437K [0x00000007eaa80000, 0x00000007ec000000, 0x0000000800000000)
  eden space 16896K, 100% used [0x00000007eaa80000,0x00000007ebb00000,0x00000007ebb00000)
  from space 2560K, 99% used [0x00000007ebd80000,0x00000007ebffb7f0,0x00000007ec000000)
  to   space 2560K, 0% used [0x00000007ebb00000,0x00000007ebb00000,0x00000007ebd80000)
 ParOldGen       total 43520K, used 14167K [0x00000007c0000000, 0x00000007c2a80000, 0x00000007eaa80000)
  object space 43520K, 32% used [0x00000007c0000000,0x00000007c0dd5db8,0x00000007c2a80000)
 PSPermGen       total 21504K, used 18961K [0x00000007bae00000, 0x00000007bc300000, 0x00000007c0000000)
  object space 21504K, 88% used [0x00000007bae00000,0x00000007bc084568,0x00000007bc300000)
Event: 8.304 GC heap after
Heap after GC invocations=3 (full 0):
 PSYoungGen      total 19456K, used 2531K [0x00000007eaa80000, 0x00000007ec000000, 0x0000000800000000)
  eden space 16896K, 0% used [0x00000007eaa80000,0x00000007eaa80000,0x00000007ebb00000)
  from space 2560K, 98% used [0x00000007ebb00000,0x00000007ebd78c18,0x00000007ebd80000)
  to   space 2560K, 0% used [0x00000007ebd80000,0x00000007ebd80000,0x00000007ec000000)
 ParOldGen       total 43520K, used 24670K [0x00000007c0000000, 0x00000007c2a80000, 0x00000007eaa80000)
  object space 43520K, 56% used [0x00000007c0000000,0x00000007c18178e8,0x00000007c2a80000)
 PSPermGen       total 21504K, used 18961K [0x00000007bae00000, 0x00000007bc300000, 0x00000007c0000000)
  object space 21504K, 88% used [0x00000007bae00000,0x00000007bc084568,0x00000007bc300000)
}

